Arguments: 
  /usr/local/Cellar/node/17.7.2/bin/node /Users/rsek/.yarn/bin/yarn.js build

PATH: 
  /Users/rsek/.yarn/bin:/Users/rsek/.config/yarn/global/node_modules/.bin:/usr/local/bin:/usr/bin:/bin:/usr/sbin:/sbin:/usr/local/share/dotnet:/opt/X11/bin:~/.dotnet/tools:/Users/rsek/.yarn/bin:/Users/rsek/.config/yarn/global/node_modules/.bin

Yarn version: 
  1.22.18

Node version: 
  17.7.2

Platform: 
  darwin x64

Trace: 
  SyntaxError: /Users/rsek/Documents/GitHub/dataforged/package.json: Unexpected token } in JSON at position 258
      at JSON.parse (<anonymous>)
      at /Users/rsek/.yarn/lib/cli.js:1625:59
      at Generator.next (<anonymous>)
      at step (/Users/rsek/.yarn/lib/cli.js:310:30)
      at /Users/rsek/.yarn/lib/cli.js:321:13

npm manifest: 
  {
    "name": "dataforged",
    "version": "0.5.2",
    "description": "Official Ironsworn: Starforged rules data in JSON, for use in community tools.",
    "type": "commonjs",
    "main": "./dist/index-cjs.cjs",
    "exports": {
      "import": "./dist/index-esm.mjs",
    },
    "scripts": {
      "build-cjs": "tsc --project tsconfig-cjs.json && mv ./dist/index-cjs.js ./dist/index-cjs.cjs",
      "build-esm": "tsc --project tsconfig-esm.json && mv ./dist/index-esm.js ./dist/index-esm.mjs",
      "build": "yarn build-cjs && yarn build-esm"
    },
    "files": [
      "dist",
      "docs",
      "img",
      "markdown"
    ],
    "types": "./dist/dataforged.d.ts",
    "directories": {
      "doc": "./docs"
    },
    "repository": {
      "type": "git",
      "url": "git+https://github.com/rsek/dataforged.git"
    },
    "keywords": [
      "ironsworn",
      "starforged",
      "TTRPG"
    ],
    "author": "rsek",
    "license": "SEE LICENSE IN LICENSE.md",
    "bugs": {
      "url": "https://github.com/rsek/dataforged/issues"
    },
    "homepage": "https://github.com/rsek/dataforged#readme",
    "dependencies": {},
    "devDependencies": {
      "@types/node": "^17.0.25",
      "typescript": "^4.7.0-dev.20220420"
    }
  }

yarn manifest: 
  No manifest

Lockfile: 
  # THIS IS AN AUTOGENERATED FILE. DO NOT EDIT THIS FILE DIRECTLY.
  # yarn lockfile v1
  
  
  "@types/node@^17.0.25":
    version "17.0.25"
    resolved "https://registry.yarnpkg.com/@types/node/-/node-17.0.25.tgz#527051f3c2f77aa52e5dc74e45a3da5fb2301448"
    integrity sha512-wANk6fBrUwdpY4isjWrKTufkrXdu1D2YHCot2fD/DfWxF5sMrVSA+KN7ydckvaTCh0HiqX9IVl0L5/ZoXg5M7w==
  
  typescript@^4.7.0-dev.20220420:
    version "4.7.0-dev.20220420"
    resolved "https://registry.yarnpkg.com/typescript/-/typescript-4.7.0-dev.20220420.tgz#1857c12a6a4dc8ff472eec46c630738020f65bb5"
    integrity sha512-6XkSSHtTW0HA2scATG0w+dYvgpa7ndTWXh2+4o5anGJwLoUAftshebl97I2EOBbweo6mdWX3v9nCZHkvizGUvg==
